<?xml version="1.0" encoding="UTF-8"?>
<!-- Generated by org.testng.reporters.JUnitReportReporter -->
<testsuite hostname="DESKTOP-N5MMCMQ" failures="0" tests="1" name="DDT.report" time="1.027" errors="0" timestamp="2023-06-27T10:44:09 EDT" skipped="0">
  <testcase classname="DDT.report" name="test1" time="1.027"/>
</testsuite> <!-- DDT.report -->
