<?xml version="1.0" encoding="UTF-8"?>
<!-- Generated by org.testng.reporters.JUnitReportReporter -->
<testsuite hostname="DESKTOP-N5MMCMQ" failures="0" tests="1" name="demo.ts5" time="25.538" errors="0" timestamp="2023-06-20T11:25:14 EDT" skipped="0">
  <testcase classname="demo.ts5" name="hi" time="25.538"/>
</testsuite> <!-- demo.ts5 -->
