<?xml version="1.0" encoding="UTF-8"?>
<!-- Generated by org.testng.reporters.JUnitReportReporter -->
<testsuite hostname="DESKTOP-N5MMCMQ" failures="0" tests="1" name="DDT.REPORT_LOG" time="0.073" errors="0" timestamp="2023-06-27T10:53:30 EDT" skipped="0">
  <testcase classname="DDT.REPORT_LOG" name="tset2" time="0.073"/>
</testsuite> <!-- DDT.REPORT_LOG -->
