<?xml version="1.0" encoding="UTF-8"?>
<!-- Generated by org.testng.reporters.JUnitReportReporter -->
<testsuite hostname="DESKTOP-N5MMCMQ" failures="0" tests="1" name="demo.ts3" time="20.931" errors="0" timestamp="2023-06-14T13:24:14 EDT" skipped="0">
  <testcase classname="demo.ts3" name="hi" time="20.931"/>
</testsuite> <!-- demo.ts3 -->
