<?xml version="1.0" encoding="UTF-8"?>
<!-- Generated by org.testng.reporters.JUnitReportReporter -->
<testsuite hostname="DESKTOP-N5MMCMQ" failures="0" tests="1" name="DEMO_QA.Runner_script" time="56.058" errors="0" timestamp="2023-07-01T11:31:02 EDT" skipped="0">
  <testcase classname="DEMO_QA.Runner_script" name="test1" time="56.058"/>
</testsuite> <!-- DEMO_QA.Runner_script -->
