<?xml version="1.0" encoding="UTF-8"?>
<!-- Generated by org.testng.reporters.JUnitReportReporter -->
<testsuite hostname="DESKTOP-N5MMCMQ" failures="0" tests="1" name="demo.ts1" time="0.019" errors="0" timestamp="2023-06-16T10:32:42 EDT" skipped="0">
  <testcase classname="demo.ts1" name="test1" time="0.019">
    <system-out>
      <![CDATA[hello]]>
    </system-out>
  </testcase> <!-- test1 -->
  <system-out>
    <![CDATA[hello]]>
  </system-out>
</testsuite> <!-- demo.ts1 -->
