<?xml version="1.0" encoding="UTF-8"?>
<!-- Generated by org.testng.reporters.JUnitReportReporter -->
<testsuite hostname="DESKTOP-N5MMCMQ" failures="0" tests="2" name="demo.ts2" time="0.019" errors="0" timestamp="2023-06-14T13:18:24 EDT" skipped="0">
  <testcase classname="demo.ts2" name="test1" time="0.009">
    <system-out>
      <![CDATA[hi]]>
    </system-out>
  </testcase> <!-- test1 -->
  <testcase classname="demo.ts2" name="test2" time="0.010">
    <system-out>
      <![CDATA[bye]]>
    </system-out>
  </testcase> <!-- test2 -->
  <system-out>
    <![CDATA[hello
hi
bye]]>
  </system-out>
</testsuite> <!-- demo.ts2 -->
