<?xml version="1.0" encoding="UTF-8"?>
<!-- Generated by org.testng.reporters.JUnitReportReporter -->
<testsuite hostname="DESKTOP-N5MMCMQ" failures="0" tests="2" name="demo.ts6" time="49.269" errors="0" timestamp="2023-06-16T12:54:07 EDT" skipped="0">
  <testcase classname="demo.ts6" name="hi2" time="27.221"/>
  <testcase classname="demo.ts6" name="hi" time="22.048"/>
</testsuite> <!-- demo.ts6 -->
